<?xml version="1.0" encoding="UTF-8" ?>
<testsuite tests="35" failures="0" name="cucumberOptions.TestRunner" time="0.304" errors="2" skipped="28">
  <properties>
    <property name="java.runtime.name" value="OpenJDK Runtime Environment"/>
    <property name="java.vm.version" value="11.0.2+9"/>
    <property name="sun.boot.library.path" value="/Library/Java/JavaVirtualMachines/openjdk-11.0.2.jdk/Contents/Home/lib"/>
    <property name="gopherProxySet" value="false"/>
    <property name="maven.multiModuleProjectDirectory" value="/Users/wl41/git/automation"/>
    <property name="java.vm.vendor" value="Oracle Corporation"/>
    <property name="java.vendor.url" value="http://java.oracle.com/"/>
    <property name="guice.disable.misplaced.annotation.check" value="true"/>
    <property name="path.separator" value=":"/>
    <property name="java.vm.name" value="OpenJDK 64-Bit Server VM"/>
    <property name="sun.os.patch.level" value="unknown"/>
    <property name="user.country" value="US"/>
    <property name="sun.java.launcher" value="SUN_STANDARD"/>
    <property name="java.vm.specification.name" value="Java Virtual Machine Specification"/>
    <property name="user.dir" value="/Users/wl41/git/automation"/>
    <property name="java.vm.compressedOopsMode" value="Zero based"/>
    <property name="java.runtime.version" value="11.0.2+9"/>
    <property name="java.awt.graphicsenv" value="sun.awt.CGraphicsEnvironment"/>
    <property name="os.arch" value="x86_64"/>
    <property name="java.io.tmpdir" value="/var/folders/tl/r7p60zdd2yv85_555mclzzy1_g0yrr/T/"/>
    <property name="line.separator" value="
"/>
    <property name="java.vm.specification.vendor" value="Oracle Corporation"/>
    <property name="os.name" value="Mac OS X"/>
    <property name="classworlds.conf" value="/usr/local/Cellar/maven/3.6.1/libexec/bin/m2.conf"/>
    <property name="sun.jnu.encoding" value="UTF-8"/>
    <property name="java.library.path" value="/Users/wl41/Library/Java/Extensions:/Library/Java/Extensions:/Network/Library/Java/Extensions:/System/Library/Java/Extensions:/usr/lib/java:."/>
    <property name="maven.conf" value="/usr/local/Cellar/maven/3.6.1/libexec/conf"/>
    <property name="jdk.debug" value="release"/>
    <property name="java.class.version" value="55.0"/>
    <property name="java.specification.name" value="Java Platform API Specification"/>
    <property name="sun.management.compiler" value="HotSpot 64-Bit Tiered Compilers"/>
    <property name="os.version" value="10.13.4"/>
    <property name="library.jansi.path" value="/usr/local/Cellar/maven/3.6.1/libexec/lib/jansi-native"/>
    <property name="http.nonProxyHosts" value="local|*.local|169.254/16|*.169.254/16"/>
    <property name="user.home" value="/Users/wl41"/>
    <property name="user.timezone" value="America/New_York"/>
    <property name="java.awt.printerjob" value="sun.lwawt.macosx.CPrinterJob"/>
    <property name="file.encoding" value="UTF-8"/>
    <property name="java.specification.version" value="11"/>
    <property name="user.name" value="wl41"/>
    <property name="java.class.path" value="/usr/local/Cellar/maven/3.6.1/libexec/boot/plexus-classworlds-2.6.0.jar"/>
    <property name="java.vm.specification.version" value="11"/>
    <property name="sun.arch.data.model" value="64"/>
    <property name="sun.java.command" value="org.codehaus.plexus.classworlds.launcher.Launcher test"/>
    <property name="java.home" value="/Library/Java/JavaVirtualMachines/openjdk-11.0.2.jdk/Contents/Home"/>
    <property name="user.language" value="en"/>
    <property name="java.specification.vendor" value="Oracle Corporation"/>
    <property name="awt.toolkit" value="sun.lwawt.macosx.LWCToolkit"/>
    <property name="java.vm.info" value="mixed mode"/>
    <property name="java.version" value="11.0.2"/>
    <property name="java.vendor" value="Oracle Corporation"/>
    <property name="maven.home" value="/usr/local/Cellar/maven/3.6.1/libexec"/>
    <property name="file.separator" value="/"/>
    <property name="java.version.date" value="2019-01-15"/>
    <property name="java.vendor.url.bug" value="http://bugreport.java.com/bugreport/"/>
    <property name="sun.io.unicode.encoding" value="UnicodeBig"/>
    <property name="sun.cpu.endian" value="little"/>
    <property name="java.vendor.version" value="18.9"/>
    <property name="socksNonProxyHosts" value="local|*.local|169.254/16|*.169.254/16"/>
    <property name="ftp.nonProxyHosts" value="local|*.local|169.254/16|*.169.254/16"/>
    <property name="sun.cpu.isalist" value=""/>
  </properties>
  <testcase classname="| Y | MozillaHL |" name="Given Runmode is &quot;Y&quot;" time="0.002"/>
  <testcase classname="| Y | MozillaHL |" name="Given I am logged into wp.nyu.edu in &quot;MozillaHL&quot;" time="0"/>
  <testcase classname="| Y | MozillaHL |" name="When I click on &quot;Your_Avatar_Link&quot; link and upload a picture" time="0.004">
    <error message="Unable to locate element: Your Avatar
For documentation on this error, please visit: http://seleniumhq.org/exceptions/no_such_element.html
Build info: version: &apos;3.4.0&apos;, revision: &apos;unknown&apos;, time: &apos;unknown&apos;
System info: host: &apos;wl41applemacprosn-f5kq10mnf9vn.cdv.nyu.edu&apos;, ip: &apos;fe80:0:0:0:10d9:938a:be81:dc66%en0&apos;, os.name: &apos;Mac OS X&apos;, os.arch: &apos;x86_64&apos;, os.version: &apos;10.13.4&apos;, java.version: &apos;11.0.2&apos;
Driver info: org.openqa.selenium.firefox.FirefoxDriver
Capabilities [{moz:profile=/var/folders/tl/r7p60zdd2yv85_555mclzzy1_g0yrr/T/rust_mozprofile.vqq1sfYrtj25, rotatable=false, moz:geckodriverVersion=0.23.0, timeouts={implicit=0.0, pageLoad=300000.0, script=30000.0}, pageLoadStrategy=normal, moz:headless=true, platform=ANY, moz:accessibilityChecks=false, acceptInsecureCerts=false, browserVersion=57.0.4, platformVersion=17.5.0, moz:processID=18871.0, browserName=firefox, javascriptEnabled=true, platformName=darwin, moz:webdriverClick=false}]
Session ID: 0dcb26e1-d805-0f4f-9cac-b72c223ddac6
*** Element info: {Using=link text, value=Your Avatar}" type="org.openqa.selenium.NoSuchElementException">org.openqa.selenium.NoSuchElementException: Unable to locate element: Your Avatar
For documentation on this error, please visit: http://seleniumhq.org/exceptions/no_such_element.html
Build info: version: &apos;3.4.0&apos;, revision: &apos;unknown&apos;, time: &apos;unknown&apos;
System info: host: &apos;wl41applemacprosn-f5kq10mnf9vn.cdv.nyu.edu&apos;, ip: &apos;fe80:0:0:0:10d9:938a:be81:dc66%en0&apos;, os.name: &apos;Mac OS X&apos;, os.arch: &apos;x86_64&apos;, os.version: &apos;10.13.4&apos;, java.version: &apos;11.0.2&apos;
Driver info: org.openqa.selenium.firefox.FirefoxDriver
Capabilities [{moz:profile=/var/folders/tl/r7p60zdd2yv85_555mclzzy1_g0yrr/T/rust_mozprofile.vqq1sfYrtj25, rotatable=false, moz:geckodriverVersion=0.23.0, timeouts={implicit=0.0, pageLoad=300000.0, script=30000.0}, pageLoadStrategy=normal, moz:headless=true, platform=ANY, moz:accessibilityChecks=false, acceptInsecureCerts=false, browserVersion=57.0.4, platformVersion=17.5.0, moz:processID=18871.0, browserName=firefox, javascriptEnabled=true, platformName=darwin, moz:webdriverClick=false}]
Session ID: 0dcb26e1-d805-0f4f-9cac-b72c223ddac6
*** Element info: {Using=link text, value=Your Avatar}
	at java.base/jdk.internal.reflect.NativeConstructorAccessorImpl.newInstance0(Native Method)
	at java.base/jdk.internal.reflect.NativeConstructorAccessorImpl.newInstance(NativeConstructorAccessorImpl.java:62)
	at java.base/jdk.internal.reflect.DelegatingConstructorAccessorImpl.newInstance(DelegatingConstructorAccessorImpl.java:45)
	at java.base/java.lang.reflect.Constructor.newInstance(Constructor.java:490)
	at org.openqa.selenium.remote.http.W3CHttpResponseCodec.createException(W3CHttpResponseCodec.java:150)
	at org.openqa.selenium.remote.http.W3CHttpResponseCodec.decode(W3CHttpResponseCodec.java:115)
	at org.openqa.selenium.remote.http.W3CHttpResponseCodec.decode(W3CHttpResponseCodec.java:45)
	at org.openqa.selenium.remote.HttpCommandExecutor.execute(HttpCommandExecutor.java:164)
	at org.openqa.selenium.remote.service.DriverCommandExecutor.execute(DriverCommandExecutor.java:82)
	at org.openqa.selenium.remote.RemoteWebDriver.execute(RemoteWebDriver.java:637)
	at org.openqa.selenium.remote.RemoteWebDriver.findElement(RemoteWebDriver.java:410)
	at org.openqa.selenium.remote.RemoteWebDriver.findElementByLinkText(RemoteWebDriver.java:461)
	at org.openqa.selenium.By$ByLinkText.findElement(By.java:246)
	at org.openqa.selenium.remote.RemoteWebDriver.findElement(RemoteWebDriver.java:402)
	at util.WebConnector.click_link_text(WebConnector.java:169)
	at stepDefinitions.stepDefinition.i_click_on_link_and_upload_a_picture(stepDefinition.java:58)
	at âœ½.When I click on &quot;Your_Avatar_Link&quot; link and upload a picture(Account.feature:13)
</error>
  </testcase>
  <testcase classname="| Y | MozillaHL |" name="| Y | MozillaHL |" time="0.005">
    <error message="Unable to locate element: Your Avatar
For documentation on this error, please visit: http://seleniumhq.org/exceptions/no_such_element.html
Build info: version: &apos;3.4.0&apos;, revision: &apos;unknown&apos;, time: &apos;unknown&apos;
System info: host: &apos;wl41applemacprosn-f5kq10mnf9vn.cdv.nyu.edu&apos;, ip: &apos;fe80:0:0:0:10d9:938a:be81:dc66%en0&apos;, os.name: &apos;Mac OS X&apos;, os.arch: &apos;x86_64&apos;, os.version: &apos;10.13.4&apos;, java.version: &apos;11.0.2&apos;
Driver info: org.openqa.selenium.firefox.FirefoxDriver
Capabilities [{moz:profile=/var/folders/tl/r7p60zdd2yv85_555mclzzy1_g0yrr/T/rust_mozprofile.vqq1sfYrtj25, rotatable=false, moz:geckodriverVersion=0.23.0, timeouts={implicit=0.0, pageLoad=300000.0, script=30000.0}, pageLoadStrategy=normal, moz:headless=true, platform=ANY, moz:accessibilityChecks=false, acceptInsecureCerts=false, browserVersion=57.0.4, platformVersion=17.5.0, moz:processID=18871.0, browserName=firefox, javascriptEnabled=true, platformName=darwin, moz:webdriverClick=false}]
Session ID: 0dcb26e1-d805-0f4f-9cac-b72c223ddac6
*** Element info: {Using=link text, value=Your Avatar}" type="org.openqa.selenium.NoSuchElementException">org.openqa.selenium.NoSuchElementException: Unable to locate element: Your Avatar
For documentation on this error, please visit: http://seleniumhq.org/exceptions/no_such_element.html
Build info: version: &apos;3.4.0&apos;, revision: &apos;unknown&apos;, time: &apos;unknown&apos;
System info: host: &apos;wl41applemacprosn-f5kq10mnf9vn.cdv.nyu.edu&apos;, ip: &apos;fe80:0:0:0:10d9:938a:be81:dc66%en0&apos;, os.name: &apos;Mac OS X&apos;, os.arch: &apos;x86_64&apos;, os.version: &apos;10.13.4&apos;, java.version: &apos;11.0.2&apos;
Driver info: org.openqa.selenium.firefox.FirefoxDriver
Capabilities [{moz:profile=/var/folders/tl/r7p60zdd2yv85_555mclzzy1_g0yrr/T/rust_mozprofile.vqq1sfYrtj25, rotatable=false, moz:geckodriverVersion=0.23.0, timeouts={implicit=0.0, pageLoad=300000.0, script=30000.0}, pageLoadStrategy=normal, moz:headless=true, platform=ANY, moz:accessibilityChecks=false, acceptInsecureCerts=false, browserVersion=57.0.4, platformVersion=17.5.0, moz:processID=18871.0, browserName=firefox, javascriptEnabled=true, platformName=darwin, moz:webdriverClick=false}]
Session ID: 0dcb26e1-d805-0f4f-9cac-b72c223ddac6
*** Element info: {Using=link text, value=Your Avatar}
	at java.base/jdk.internal.reflect.NativeConstructorAccessorImpl.newInstance0(Native Method)
	at java.base/jdk.internal.reflect.NativeConstructorAccessorImpl.newInstance(NativeConstructorAccessorImpl.java:62)
	at java.base/jdk.internal.reflect.DelegatingConstructorAccessorImpl.newInstance(DelegatingConstructorAccessorImpl.java:45)
	at java.base/java.lang.reflect.Constructor.newInstance(Constructor.java:490)
	at org.openqa.selenium.remote.http.W3CHttpResponseCodec.createException(W3CHttpResponseCodec.java:150)
	at org.openqa.selenium.remote.http.W3CHttpResponseCodec.decode(W3CHttpResponseCodec.java:115)
	at org.openqa.selenium.remote.http.W3CHttpResponseCodec.decode(W3CHttpResponseCodec.java:45)
	at org.openqa.selenium.remote.HttpCommandExecutor.execute(HttpCommandExecutor.java:164)
	at org.openqa.selenium.remote.service.DriverCommandExecutor.execute(DriverCommandExecutor.java:82)
	at org.openqa.selenium.remote.RemoteWebDriver.execute(RemoteWebDriver.java:637)
	at org.openqa.selenium.remote.RemoteWebDriver.findElement(RemoteWebDriver.java:410)
	at org.openqa.selenium.remote.RemoteWebDriver.findElementByLinkText(RemoteWebDriver.java:461)
	at org.openqa.selenium.By$ByLinkText.findElement(By.java:246)
	at org.openqa.selenium.remote.RemoteWebDriver.findElement(RemoteWebDriver.java:402)
	at util.WebConnector.click_link_text(WebConnector.java:169)
	at stepDefinitions.stepDefinition.i_click_on_link_and_upload_a_picture(stepDefinition.java:58)
	at âœ½.When I click on &quot;Your_Avatar_Link&quot; link and upload a picture(Account.feature:13)
</error>
  </testcase>
  <testcase classname="| Y | MozillaHL |" name="Then the picture should be uploaded successfully" time="0.006">
    <skipped/>
  </testcase>
  <testcase classname="| Y | MozillaHL |" name="And I close the browser" time="0.007">
    <skipped/>
  </testcase>
  <testcase classname="| N | ChromeHL |" name="Given Runmode is &quot;N&quot;" time="0.006">
    <skipped/>
    <system-out>DID THIS BLOCK OF CODE RUNNNNNNNNNNNNNNNNNNNNNNNNNNNNNNNNNNNN
is the before hook being ran first?

  @RegressionTest
  Scenario Outline: WebPublishing Upload Avatar Image            # Account.feature:19
    Given Runmode is &quot;Y&quot;                                         # stepDefinition.Runmode_is(String)
    Given I am logged into wp.nyu.edu in &quot;MozillaHL&quot;             # stepDefinition.i_am_logged_into_wp_nyu_edu_in(String)
    When I click on &quot;Your_Avatar_Link&quot; link and upload a picture # stepDefinition.i_click_on_link_and_upload_a_picture(String)
      org.openqa.selenium.NoSuchElementException: Unable to locate element: Your Avatar
      For documentation on this error, please visit: http://seleniumhq.org/exceptions/no_such_element.html
      Build info: version: &apos;3.4.0&apos;, revision: &apos;unknown&apos;, time: &apos;unknown&apos;
      System info: host: &apos;wl41applemacprosn-f5kq10mnf9vn.cdv.nyu.edu&apos;, ip: &apos;fe80:0:0:0:10d9:938a:be81:dc66%en0&apos;, os.name: &apos;Mac OS X&apos;, os.arch: &apos;x86_64&apos;, os.version: &apos;10.13.4&apos;, java.version: &apos;11.0.2&apos;
      Driver info: org.openqa.selenium.firefox.FirefoxDriver
      Capabilities [{moz:profile=/var/folders/tl/r7p60zdd2yv85_555mclzzy1_g0yrr/T/rust_mozprofile.vqq1sfYrtj25, rotatable=false, moz:geckodriverVersion=0.23.0, timeouts={implicit=0.0, pageLoad=300000.0, script=30000.0}, pageLoadStrategy=normal, moz:headless=true, platform=ANY, moz:accessibilityChecks=false, acceptInsecureCerts=false, browserVersion=57.0.4, platformVersion=17.5.0, moz:processID=18871.0, browserName=firefox, javascriptEnabled=true, platformName=darwin, moz:webdriverClick=false}]
      Session ID: 0dcb26e1-d805-0f4f-9cac-b72c223ddac6
      *** Element info: {Using=link text, value=Your Avatar}
      	at java.base/jdk.internal.reflect.NativeConstructorAccessorImpl.newInstance0(Native Method)
      	at java.base/jdk.internal.reflect.NativeConstructorAccessorImpl.newInstance(NativeConstructorAccessorImpl.java:62)
      	at java.base/jdk.internal.reflect.DelegatingConstructorAccessorImpl.newInstance(DelegatingConstructorAccessorImpl.java:45)
      	at java.base/java.lang.reflect.Constructor.newInstance(Constructor.java:490)
      	at org.openqa.selenium.remote.http.W3CHttpResponseCodec.createException(W3CHttpResponseCodec.java:150)
      	at org.openqa.selenium.remote.http.W3CHttpResponseCodec.decode(W3CHttpResponseCodec.java:115)
      	at org.openqa.selenium.remote.http.W3CHttpResponseCodec.decode(W3CHttpResponseCodec.java:45)
      	at org.openqa.selenium.remote.HttpCommandExecutor.execute(HttpCommandExecutor.java:164)
      	at org.openqa.selenium.remote.service.DriverCommandExecutor.execute(DriverCommandExecutor.java:82)
      	at org.openqa.selenium.remote.RemoteWebDriver.execute(RemoteWebDriver.java:637)
      	at org.openqa.selenium.remote.RemoteWebDriver.findElement(RemoteWebDriver.java:410)
      	at org.openqa.selenium.remote.RemoteWebDriver.findElementByLinkText(RemoteWebDriver.java:461)
      	at org.openqa.selenium.By$ByLinkText.findElement(By.java:246)
      	at org.openqa.selenium.remote.RemoteWebDriver.findElement(RemoteWebDriver.java:402)
      	at util.WebConnector.click_link_text(WebConnector.java:169)
      	at stepDefinitions.stepDefinition.i_click_on_link_and_upload_a_picture(stepDefinition.java:58)
      	at âœ½.When I click on &quot;Your_Avatar_Link&quot; link and upload a picture(Account.feature:13)

    Then the picture should be uploaded successfully             # stepDefinition.the_picture_should_be_uploaded_successfully()
    And I close the browser                                      # stepDefinition.i_close_the_browser()
</system-out>
    <system-err>*** UTM:SVC TimerManager:registerTimer called after profile-before-change notification. Ignoring timer registration for id: telemetry_modules_ping
</system-err>
  </testcase>
  <testcase classname="| N | ChromeHL |" name="Given I am logged into wp.nyu.edu in &quot;ChromeHL&quot;" time="0.007">
    <skipped/>
  </testcase>
  <testcase classname="| N | ChromeHL |" name="When I click on &quot;Your_Avatar_Link&quot; link and upload a picture" time="0.008">
    <skipped/>
  </testcase>
  <testcase classname="| N | ChromeHL |" name="Then the picture should be uploaded successfully" time="0.009">
    <skipped/>
  </testcase>
  <testcase classname="| N | ChromeHL |" name="And I close the browser" time="0.009">
    <skipped/>
  </testcase>
  <testcase classname="| N | ChromeHL |" name="| N | ChromeHL |" time="0.01">
    <skipped/>
  </testcase>
  <testcase classname="| N | ChromeHL |" name="| N | ChromeHL |" time="0.01"/>
  <testcase classname="| N | MozillaHL |" name="Given Runmode is &quot;N&quot;" time="0.006">
    <skipped/>
    <system-out>
  @RegressionTest
  Scenario Outline: WebPublishing Upload Avatar Image            # Account.feature:20
    Given Runmode is &quot;N&quot;                                         # stepDefinition.Runmode_is(String)
      cucumber.api.PendingException: Skipping the test as Runmode is NO
      	at stepDefinitions.stepDefinition.Runmode_is(stepDefinition.java:261)
      	at âœ½.Given Runmode is &quot;N&quot;(Account.feature:11)

    Given I am logged into wp.nyu.edu in &quot;ChromeHL&quot;              # stepDefinition.i_am_logged_into_wp_nyu_edu_in(String)
    When I click on &quot;Your_Avatar_Link&quot; link and upload a picture # stepDefinition.i_click_on_link_and_upload_a_picture(String)
    Then the picture should be uploaded successfully             # stepDefinition.the_picture_should_be_uploaded_successfully()
    And I close the browser                                      # stepDefinition.i_close_the_browser()

  @RegressionTest
  Scenario Outline: Verify all the links on WebPublishing landing page is funcitonal # Account.feature:23
    Given Runmode is &quot;&lt;Runmode&gt;&quot;
    Given I am logged into wp.nyu.edu in &quot;&lt;BrowserType&gt;&quot;
    When I click on &quot;Create&quot; Link
    Then I should see &quot;Admin_Email_Field&quot;
    When I click on &quot;Support&quot; Link
    Then I should see &quot;WebPublishing_Help_Label&quot;
    When I click on &quot;Updates&quot; Link
    Then I should see &quot;Recent_Posts&quot;
    And I close the browser

    Examples: 
is the before hook being ran first?
</system-out>
  </testcase>
  <testcase classname="| N | MozillaHL |" name="Given I am logged into wp.nyu.edu in &quot;MozillaHL&quot;" time="0.006">
    <skipped/>
  </testcase>
  <testcase classname="| N | MozillaHL |" name="When I click on &quot;Create&quot; Link" time="0.007">
    <skipped/>
  </testcase>
  <testcase classname="| N | MozillaHL |" name="Then I should see &quot;Admin_Email_Field&quot;" time="0.008">
    <skipped/>
  </testcase>
  <testcase classname="| N | MozillaHL |" name="When I click on &quot;Support&quot; Link" time="0.009">
    <skipped/>
  </testcase>
  <testcase classname="| N | MozillaHL |" name="Then I should see &quot;WebPublishing_Help_Label&quot;" time="0.01">
    <skipped/>
  </testcase>
  <testcase classname="| N | MozillaHL |" name="When I click on &quot;Updates&quot; Link" time="0.01">
    <skipped/>
  </testcase>
  <testcase classname="| N | MozillaHL |" name="Then I should see &quot;Recent_Posts&quot;" time="0.011">
    <skipped/>
  </testcase>
  <testcase classname="| N | MozillaHL |" name="And I close the browser" time="0.012">
    <skipped/>
  </testcase>
  <testcase classname="| N | MozillaHL |" name="| N | MozillaHL |" time="0.013">
    <skipped/>
  </testcase>
  <testcase classname="| N | MozillaHL |" name="| N | MozillaHL |" time="0.013"/>
  <testcase classname="| N | ChromeHL |" name="Given Runmode is &quot;N&quot;" time="0.006">
    <skipped/>
    <system-out>is the before hook being ran first?

  @RegressionTest
  Scenario Outline: Verify all the links on WebPublishing landing page is funcitonal # Account.feature:36
    Given Runmode is &quot;N&quot;                                                             # stepDefinition.Runmode_is(String)
      cucumber.api.PendingException: Skipping the test as Runmode is NO
      	at stepDefinitions.stepDefinition.Runmode_is(stepDefinition.java:261)
      	at âœ½.Given Runmode is &quot;N&quot;(Account.feature:24)

    Given I am logged into wp.nyu.edu in &quot;MozillaHL&quot;                                 # stepDefinition.i_am_logged_into_wp_nyu_edu_in(String)
    When I click on &quot;Create&quot; Link                                                    # stepDefinition.i_click_on_Link(String)
    Then I should see &quot;Admin_Email_Field&quot;                                            # stepDefinition.i_should_see(String)
    When I click on &quot;Support&quot; Link                                                   # stepDefinition.i_click_on_Link(String)
    Then I should see &quot;WebPublishing_Help_Label&quot;                                     # stepDefinition.i_should_see(String)
    When I click on &quot;Updates&quot; Link                                                   # stepDefinition.i_click_on_Link(String)
    Then I should see &quot;Recent_Posts&quot;                                                 # stepDefinition.i_should_see(String)
    And I close the browser                                                          # stepDefinition.i_close_the_browser()
</system-out>
  </testcase>
  <testcase classname="| N | ChromeHL |" name="Given I am logged into wp.nyu.edu in &quot;ChromeHL&quot;" time="0.008">
    <skipped/>
  </testcase>
  <testcase classname="| N | ChromeHL |" name="When I click on &quot;Create&quot; Link" time="0.008">
    <skipped/>
  </testcase>
  <testcase classname="| N | ChromeHL |" name="Then I should see &quot;Admin_Email_Field&quot;" time="0.009">
    <skipped/>
  </testcase>
  <testcase classname="| N | ChromeHL |" name="When I click on &quot;Support&quot; Link" time="0.01">
    <skipped/>
  </testcase>
  <testcase classname="| N | ChromeHL |" name="Then I should see &quot;WebPublishing_Help_Label&quot;" time="0.011">
    <skipped/>
  </testcase>
  <testcase classname="| N | ChromeHL |" name="When I click on &quot;Updates&quot; Link" time="0.011">
    <skipped/>
  </testcase>
  <testcase classname="| N | ChromeHL |" name="Then I should see &quot;Recent_Posts&quot;" time="0.012">
    <skipped/>
  </testcase>
  <testcase classname="| N | ChromeHL |" name="And I close the browser" time="0.013">
    <skipped/>
  </testcase>
  <testcase classname="| N | ChromeHL |" name="| N | ChromeHL |" time="0.014">
    <skipped/>
  </testcase>
  <testcase classname="| N | ChromeHL |" name="| N | ChromeHL |" time="0.014"/>
</testsuite>